
   INFO  No scheduled commands are ready to run.  


   INFO  No scheduled commands are ready to run.  


   INFO  No scheduled commands are ready to run.  


   INFO  No scheduled commands are ready to run.  


   INFO  No scheduled commands are ready to run.  


   INFO  No scheduled commands are ready to run.  


   INFO  No scheduled commands are ready to run.  


   INFO  No scheduled commands are ready to run.  


   INFO  No scheduled commands are ready to run.  


   INFO  No scheduled commands are ready to run.  


   INFO  No scheduled commands are ready to run.  


  2025-05-30 09:18:16 Running [App\Jobs\UpdateRotacionJob] ................................................. 67ms DONE


   ErrorException 

  Undefined property: Illuminate\Console\Scheduling\CallbackEvent::$every

  at app\Console\Kernel.php:16
     12▕      * Define the application's command schedule.
     13▕      */
     14▕     protected function schedule(Schedule $schedule): void
     15▕     {
  ➜  16▕         $schedule->job(new \App\Jobs\UpdateRotacionJob)->every;
     17▕ 
     18▕     }
     19▕ 
     20▕     /**

  1   app\Console\Kernel.php:16
      Illuminate\Foundation\Bootstrap\HandleExceptions::Illuminate\Foundation\Bootstrap\{closure}("Undefined property: Illuminate\Console\Scheduling\CallbackEvent::$every", "C:\xampp\htdocs\SYSTEMA\app\Console\Kernel.php")

  2   vendor\laravel\framework\src\Illuminate\Foundation\Console\Kernel.php:168
      App\Console\Kernel::schedule(Object(Illuminate\Console\Scheduling\Schedule))


   BadMethodCallException 

  Method Illuminate\Console\Scheduling\CallbackEvent::filter does not exist.

  at vendor\laravel\framework\src\Illuminate\Macroable\Traits\Macroable.php:112
    108▕      */
    109▕     public function __call($method, $parameters)
    110▕     {
    111▕         if (! static::hasMacro($method)) {
  ➜ 112▕             throw new BadMethodCallException(sprintf(
    113▕                 'Method %s::%s does not exist.', static::class, $method
    114▕             ));
    115▕         }
    116▕

  1   app\Console\Kernel.php:16
      Illuminate\Console\Scheduling\Event::__call("filter")

  2   vendor\laravel\framework\src\Illuminate\Foundation\Console\Kernel.php:168
      App\Console\Kernel::schedule(Object(Illuminate\Console\Scheduling\Schedule))


   INFO  No scheduled commands are ready to run.  


   INFO  No scheduled commands are ready to run.  

PHP Parse error:  syntax error, unexpected token "}" in C:\xampp\htdocs\SYSTEMA\app\Console\Kernel.php on line 18

Parse error: syntax error, unexpected token "}" in C:\xampp\htdocs\SYSTEMA\app\Console\Kernel.php on line 18

   INFO  No scheduled commands are ready to run.  


  2025-05-30 09:25:21 Running [App\Jobs\UpdateRotacionJob] ................................................. 79ms DONE


  2025-05-30 09:26:22 Running [App\Jobs\UpdateRotacionJob] ................................................. 82ms DONE


   INFO  No scheduled commands are ready to run.  


   INFO  No scheduled commands are ready to run.  


   INFO  No scheduled commands are ready to run.  


   INFO  No scheduled commands are ready to run.  


   INFO  No scheduled commands are ready to run.  

